0 info it worked if it ends with ok
1 verbose cli [ '/usr/bin/node', '/bin/npm', 'run', 'start' ]
2 info using npm@3.9.2
3 info using node@v6.2.0
4 verbose run-script [ 'prestart', 'start', 'poststart' ]
5 info lifecycle site@0.1.0~prestart: site@0.1.0
6 silly lifecycle site@0.1.0~prestart: no script for prestart, continuing
7 info lifecycle site@0.1.0~start: site@0.1.0
8 verbose lifecycle site@0.1.0~start: unsafe-perm in lifecycle true
9 verbose lifecycle site@0.1.0~start: PATH: /usr/lib/node_modules/npm/bin/node-gyp-bin:/home/jwlehman/Development/purduerugby/site/node_modules/.bin:/usr/bin:~/Android/Sdk/tools:~/Android/Sdk/platform-tools:/usr/bin/core_perl:/homes/jwlehman/bin/.amd64-linux:/homes/jwlehman/bin:/usr/local/bin:/bin:/usr/bin:/sbin:/usr/sbin:/usr/x86_64-pc-linux-gnu/gcc-bin/4.7.3:/usr/games/bin:/opt/cuda/bin:.
10 verbose lifecycle site@0.1.0~start: CWD: /home/jwlehman/Development/purduerugby/site
11 silly lifecycle site@0.1.0~start: Args: [ '-c', 'webpack-dev-server --inline --hot-fix' ]
12 silly lifecycle site@0.1.0~start: Returned: code: 1  signal: null
13 info lifecycle site@0.1.0~start: Failed to exec start script
14 verbose stack Error: site@0.1.0 start: `webpack-dev-server --inline --hot-fix`
14 verbose stack Exit status 1
14 verbose stack     at EventEmitter.<anonymous> (/usr/lib/node_modules/npm/lib/utils/lifecycle.js:245:16)
14 verbose stack     at emitTwo (events.js:106:13)
14 verbose stack     at EventEmitter.emit (events.js:191:7)
14 verbose stack     at ChildProcess.<anonymous> (/usr/lib/node_modules/npm/lib/utils/spawn.js:24:14)
14 verbose stack     at emitTwo (events.js:106:13)
14 verbose stack     at ChildProcess.emit (events.js:191:7)
14 verbose stack     at maybeClose (internal/child_process.js:850:16)
14 verbose stack     at Process.ChildProcess._handle.onexit (internal/child_process.js:215:5)
15 verbose pkgid site@0.1.0
16 verbose cwd /home/jwlehman/Development/purduerugby/site
17 error Linux 4.5.4-1-ARCH
18 error argv "/usr/bin/node" "/bin/npm" "run" "start"
19 error node v6.2.0
20 error npm  v3.9.2
21 error code ELIFECYCLE
22 error site@0.1.0 start: `webpack-dev-server --inline --hot-fix`
22 error Exit status 1
23 error Failed at the site@0.1.0 start script 'webpack-dev-server --inline --hot-fix'.
23 error Make sure you have the latest version of node.js and npm installed.
23 error If you do, this is most likely a problem with the site package,
23 error not with npm itself.
23 error Tell the author that this fails on your system:
23 error     webpack-dev-server --inline --hot-fix
23 error You can get information on how to open an issue for this project with:
23 error     npm bugs site
23 error Or if that isn't available, you can get their info via:
23 error     npm owner ls site
23 error There is likely additional logging output above.
24 verbose exit [ 1, true ]
